# JRE version: OpenJDK Runtime Environment (8.0_302) (build 1.8.0_302-bre_2021_08_14_21_34-b00)
# Java VM: OpenJDK 64-Bit Server VM (25.302-b00 mixed mode bsd-amd64 compressed oops)
Heap:
 PSYoungGen      total 153088K, used 16343K [0x00000007b5580000, 0x00000007c0000000, 0x00000007c0000000)
  eden space 131584K, 12% used [0x00000007b5580000,0x00000007b6575c60,0x00000007bd600000)
  from space 21504K, 0% used [0x00000007bd600000,0x00000007bd600000,0x00000007beb00000)
  to   space 21504K, 0% used [0x00000007beb00000,0x00000007beb00000,0x00000007c0000000)
 ParOldGen       total 340992K, used 11635K [0x00000007a0000000, 0x00000007b4d00000, 0x00000007b5580000)
  object space 340992K, 3% used [0x00000007a0000000,0x00000007a0b5ce80,0x00000007b4d00000)
 Metaspace       used 35014K, capacity 37092K, committed 37288K, reserved 1081344K
  class space    used 4820K, capacity 5214K, committed 5288K, reserved 1048576K
GC Heap History (10 events):
Event: 1.166 GC heap before
{Heap before GC invocations=1 (full 0):
 PSYoungGen      total 153088K, used 128957K [0x00000007b5580000, 0x00000007c0000000, 0x00000007c0000000)
  eden space 131584K, 98% used [0x00000007b5580000,0x00000007bd36f708,0x00000007bd600000)
  from space 21504K, 0% used [0x00000007beb00000,0x00000007beb00000,0x00000007c0000000)
  to   space 21504K, 0% used [0x00000007bd600000,0x00000007bd600000,0x00000007beb00000)
 ParOldGen       total 349696K, used 0K [0x00000007a0000000, 0x00000007b5580000, 0x00000007b5580000)
  object space 349696K, 0% used [0x00000007a0000000,0x00000007a0000000,0x00000007b5580000)
 Metaspace       used 20202K, capacity 21268K, committed 21296K, reserved 1067008K
  class space    used 2614K, capacity 2844K, committed 2864K, reserved 1048576K
Event: 1.179 GC heap after
Heap after GC invocations=1 (full 0):
 PSYoungGen      total 153088K, used 15470K [0x00000007b5580000, 0x00000007c0000000, 0x00000007c0000000)
  eden space 131584K, 0% used [0x00000007b5580000,0x00000007b5580000,0x00000007bd600000)
  from space 21504K, 71% used [0x00000007bd600000,0x00000007be51b948,0x00000007beb00000)
  to   space 21504K, 0% used [0x00000007beb00000,0x00000007beb00000,0x00000007c0000000)
 ParOldGen       total 349696K, used 16K [0x00000007a0000000, 0x00000007b5580000, 0x00000007b5580000)
  object space 349696K, 0% used [0x00000007a0000000,0x00000007a0004000,0x00000007b5580000)
 Metaspace       used 20202K, capacity 21268K, committed 21296K, reserved 1067008K
  class space    used 2614K, capacity 2844K, committed 2864K, reserved 1048576K
}
Event: 1.179 GC heap before
{Heap before GC invocations=2 (full 1):
 PSYoungGen      total 153088K, used 15470K [0x00000007b5580000, 0x00000007c0000000, 0x00000007c0000000)
  eden space 131584K, 0% used [0x00000007b5580000,0x00000007b5580000,0x00000007bd600000)
  from space 21504K, 71% used [0x00000007bd600000,0x00000007be51b948,0x00000007beb00000)
  to   space 21504K, 0% used [0x00000007beb00000,0x00000007beb00000,0x00000007c0000000)
 ParOldGen       total 349696K, used 16K [0x00000007a0000000, 0x00000007b5580000, 0x00000007b5580000)
  object space 349696K, 0% used [0x00000007a0000000,0x00000007a0004000,0x00000007b5580000)
 Metaspace       used 20202K, capacity 21268K, committed 21296K, reserved 1067008K
  class space    used 2614K, capacity 2844K, committed 2864K, reserved 1048576K
Event: 1.198 GC heap after
Heap after GC invocations=2 (full 1):
 PSYoungGen      total 153088K, used 0K [0x00000007b5580000, 0x00000007c0000000, 0x00000007c0000000)
  eden space 131584K, 0% used [0x00000007b5580000,0x00000007b5580000,0x00000007bd600000)
  from space 21504K, 0% used [0x00000007bd600000,0x00000007bd600000,0x00000007beb00000)
  to   space 21504K, 0% used [0x00000007beb00000,0x00000007beb00000,0x00000007c0000000)
 ParOldGen       total 224256K, used 14493K [0x00000007a0000000, 0x00000007adb00000, 0x00000007b5580000)
  object space 224256K, 6% used [0x00000007a0000000,0x00000007a0e274e0,0x00000007adb00000)
 Metaspace       used 20202K, capacity 21268K, committed 21296K, reserved 1067008K
  class space    used 2614K, capacity 2844K, committed 2864K, reserved 1048576K
}
Event: 2.028 GC heap before
{Heap before GC invocations=3 (full 1):
 PSYoungGen      total 153088K, used 131584K [0x00000007b5580000, 0x00000007c0000000, 0x00000007c0000000)
  eden space 131584K, 100% used [0x00000007b5580000,0x00000007bd600000,0x00000007bd600000)
  from space 21504K, 0% used [0x00000007bd600000,0x00000007bd600000,0x00000007beb00000)
  to   space 21504K, 0% used [0x00000007beb00000,0x00000007beb00000,0x00000007c0000000)
 ParOldGen       total 224256K, used 14493K [0x00000007a0000000, 0x00000007adb00000, 0x00000007b5580000)
  object space 224256K, 6% used [0x00000007a0000000,0x00000007a0e274e0,0x00000007adb00000)
 Metaspace       used 31524K, capacity 33388K, committed 33584K, reserved 1079296K
  class space    used 4212K, capacity 4572K, committed 4656K, reserved 1048576K
Event: 2.036 GC heap after
Heap after GC invocations=3 (full 1):
 PSYoungGen      total 153088K, used 14683K [0x00000007b5580000, 0x00000007c0000000, 0x00000007c0000000)
  eden space 131584K, 0% used [0x00000007b5580000,0x00000007b5580000,0x00000007bd600000)
  from space 21504K, 68% used [0x00000007beb00000,0x00000007bf956d20,0x00000007c0000000)
  to   space 21504K, 0% used [0x00000007bd600000,0x00000007bd600000,0x00000007beb00000)
 ParOldGen       total 224256K, used 14501K [0x00000007a0000000, 0x00000007adb00000, 0x00000007b5580000)
  object space 224256K, 6% used [0x00000007a0000000,0x00000007a0e294e0,0x00000007adb00000)
 Metaspace       used 31524K, capacity 33388K, committed 33584K, reserved 1079296K
  class space    used 4212K, capacity 4572K, committed 4656K, reserved 1048576K
}
Event: 2.189 GC heap before
{Heap before GC invocations=4 (full 1):
 PSYoungGen      total 153088K, used 51483K [0x00000007b5580000, 0x00000007c0000000, 0x00000007c0000000)
  eden space 131584K, 27% used [0x00000007b5580000,0x00000007b7970058,0x00000007bd600000)
  from space 21504K, 68% used [0x00000007beb00000,0x00000007bf956d20,0x00000007c0000000)
  to   space 21504K, 0% used [0x00000007bd600000,0x00000007bd600000,0x00000007beb00000)
 ParOldGen       total 224256K, used 14501K [0x00000007a0000000, 0x00000007adb00000, 0x00000007b5580000)
  object space 224256K, 6% used [0x00000007a0000000,0x00000007a0e294e0,0x00000007adb00000)
 Metaspace       used 33441K, capacity 35372K, committed 35496K, reserved 1079296K
  class space    used 4580K, capacity 4954K, committed 5032K, reserved 1048576K
Event: 2.192 GC heap after
Heap after GC invocations=4 (full 1):
 PSYoungGen      total 153088K, used 7551K [0x00000007b5580000, 0x00000007c0000000, 0x00000007c0000000)
  eden space 131584K, 0% used [0x00000007b5580000,0x00000007b5580000,0x00000007bd600000)
  from space 21504K, 35% used [0x00000007bd600000,0x00000007bdd5ffa8,0x00000007beb00000)
  to   space 21504K, 0% used [0x00000007beb00000,0x00000007beb00000,0x00000007c0000000)
 ParOldGen       total 224256K, used 14509K [0x00000007a0000000, 0x00000007adb00000, 0x00000007b5580000)
  object space 224256K, 6% used [0x00000007a0000000,0x00000007a0e2b4e0,0x00000007adb00000)
 Metaspace       used 33441K, capacity 35372K, committed 35496K, reserved 1079296K
  class space    used 4580K, capacity 4954K, committed 5032K, reserved 1048576K
}
Event: 2.192 GC heap before
{Heap before GC invocations=5 (full 2):
 PSYoungGen      total 153088K, used 7551K [0x00000007b5580000, 0x00000007c0000000, 0x00000007c0000000)
  eden space 131584K, 0% used [0x00000007b5580000,0x00000007b5580000,0x00000007bd600000)
  from space 21504K, 35% used [0x00000007bd600000,0x00000007bdd5ffa8,0x00000007beb00000)
  to   space 21504K, 0% used [0x00000007beb00000,0x00000007beb00000,0x00000007c0000000)
 ParOldGen       total 224256K, used 14509K [0x00000007a0000000, 0x00000007adb00000, 0x00000007b5580000)
  object space 224256K, 6% used [0x00000007a0000000,0x00000007a0e2b4e0,0x00000007adb00000)
 Metaspace       used 33441K, capacity 35372K, committed 35496K, reserved 1079296K
  class space    used 4580K, capacity 4954K, committed 5032K, reserved 1048576K
Event: 2.211 GC heap after
Heap after GC invocations=5 (full 2):
 PSYoungGen      total 153088K, used 0K [0x00000007b5580000, 0x00000007c0000000, 0x00000007c0000000)
  eden space 131584K, 0% used [0x00000007b5580000,0x00000007b5580000,0x00000007bd600000)
  from space 21504K, 0% used [0x00000007bd600000,0x00000007bd600000,0x00000007beb00000)
  to   space 21504K, 0% used [0x00000007beb00000,0x00000007beb00000,0x00000007c0000000)
 ParOldGen       total 340992K, used 11635K [0x00000007a0000000, 0x00000007b4d00000, 0x00000007b5580000)
  object space 340992K, 3% used [0x00000007a0000000,0x00000007a0b5ce80,0x00000007b4d00000)
 Metaspace       used 33441K, capacity 35372K, committed 35496K, reserved 1079296K
  class space    used 4580K, capacity 4954K, committed 5032K, reserved 1048576K
}

